<?xml version="1.0" encoding="UTF-8"?>
<testsuite name="DeckTest" tests="5" skipped="0" failures="0" errors="0" timestamp="2016-02-18T18:03:08" hostname="epicodus-68.local" time="0.002">
  <properties/>
  <testcase name="getCards_deckContains52UniqueCards_kingOfDiamonds" classname="DeckTest" time="0.0"/>
  <testcase name="getCards_initializesWith52Cards_52" classname="DeckTest" time="0.0"/>
  <testcase name="deal_givesPlayerRandomCardAndRemovesFromDeck" classname="DeckTest" time="0.0"/>
  <testcase name="getCards_cardsAreInitalizedWithSuitsAndValues_AceOfSpades" classname="DeckTest" time="0.0"/>
  <testcase name="deck_initializesCorrectly" classname="DeckTest" time="0.0"/>
  <system-out><![CDATA[]]></system-out>
  <system-err><![CDATA[]]></system-err>
</testsuite>
