<?xml version="1.0" encoding="UTF-8"?>
<testsuite name="AppTest" tests="1" skipped="0" failures="0" errors="0" timestamp="2016-02-18T03:59:07" hostname="MattsPC" time="2.28">
  <properties/>
  <testcase name="rootTest" classname="AppTest" time="2.28"/>
  <system-out><![CDATA[]]></system-out>
  <system-err><![CDATA[]]></system-err>
</testsuite>
