<?xml version="1.0" encoding="UTF-8"?>
<testsuite name="GameTest" tests="4" skipped="0" failures="0" errors="0" timestamp="2016-02-18T23:14:58" hostname="epicodus-68.local" time="0.002">
  <properties/>
  <testcase name="game_createsInstanceOfGame_true" classname="GameTest" time="0.0"/>
  <testcase name="goFish_switchesCurrentPlayerIfWrongGuess" classname="GameTest" time="0.0"/>
  <testcase name="dealHand_givesPlayerRandomCardFromDeck" classname="GameTest" time="0.0"/>
  <testcase name="findMatch_takesMatchingCardGuessFromOppositePlayer" classname="GameTest" time="0.001"/>
  <system-out><![CDATA[]]></system-out>
  <system-err><![CDATA[]]></system-err>
</testsuite>
